2023-04-11 06:21:21.232 [32m INFO[0;39m com.navoshgaran.socialnetwork.SocialNetworkApplication - msg : Starting SocialNetworkApplication using Java 17.0.4.1 with PID 7744 (D:\Folder\CODING\Code Sample\social-network\target\classes started by Ali Nakhjavani in D:\Folder\CODING\Code Sample\social-network)
2023-04-11 06:21:21.236 [32m INFO[0;39m com.navoshgaran.socialnetwork.SocialNetworkApplication - msg : No active profile set, falling back to 1 default profile: "default"
2023-04-11 06:21:21.292 [32m INFO[0;39m org.springframework.boot.devtools.env.DevToolsPropertyDefaultsPostProcessor - msg : Devtools property defaults active! Set 'spring.devtools.add-properties' to 'false' to disable
2023-04-11 06:21:21.292 [32m INFO[0;39m org.springframework.boot.devtools.env.DevToolsPropertyDefaultsPostProcessor - msg : For additional web related logging consider setting the 'logging.level.web' property to 'DEBUG'
2023-04-11 06:21:22.151 [32m INFO[0;39m org.springframework.data.repository.config.RepositoryConfigurationDelegate - msg : Bootstrapping Spring Data JPA repositories in DEFAULT mode.
2023-04-11 06:21:22.219 [32m INFO[0;39m org.springframework.data.repository.config.RepositoryConfigurationDelegate - msg : Finished Spring Data repository scanning in 59 ms. Found 1 JPA repository interfaces.
2023-04-11 06:21:22.751 [32m INFO[0;39m org.springframework.boot.web.embedded.tomcat.TomcatWebServer - msg : Tomcat initialized with port(s): 12833 (http)
2023-04-11 06:21:22.760 [32m INFO[0;39m org.apache.catalina.core.StandardService - msg : Starting service [Tomcat]
2023-04-11 06:21:22.760 [32m INFO[0;39m org.apache.catalina.core.StandardEngine - msg : Starting Servlet engine: [Apache Tomcat/10.1.7]
2023-04-11 06:21:22.816 [32m INFO[0;39m org.apache.catalina.core.ContainerBase.[Tomcat].[localhost].[/] - msg : Initializing Spring embedded WebApplicationContext
2023-04-11 06:21:22.817 [32m INFO[0;39m org.springframework.boot.web.servlet.context.ServletWebServerApplicationContext - msg : Root WebApplicationContext: initialization completed in 1523 ms
2023-04-11 06:21:22.938 [32m INFO[0;39m org.hibernate.jpa.internal.util.LogHelper - msg : HHH000204: Processing PersistenceUnitInfo [name: default]
2023-04-11 06:21:22.991 [32m INFO[0;39m org.hibernate.Version - msg : HHH000412: Hibernate ORM core version 6.1.7.Final
2023-04-11 06:21:23.238 [32m INFO[0;39m com.zaxxer.hikari.HikariDataSource - msg : HikariPool-1 - Starting...
2023-04-11 06:21:23.398 [32m INFO[0;39m com.zaxxer.hikari.pool.HikariPool - msg : HikariPool-1 - Added connection org.postgresql.jdbc.PgConnection@3d2876ab
2023-04-11 06:21:23.400 [32m INFO[0;39m com.zaxxer.hikari.HikariDataSource - msg : HikariPool-1 - Start completed.
2023-04-11 06:21:23.433 [32m INFO[0;39m SQL dialect - msg : HHH000400: Using dialect: org.hibernate.dialect.PostgreSQLDialect
2023-04-11 06:21:24.355 [32m INFO[0;39m org.hibernate.engine.transaction.jta.platform.internal.JtaPlatformInitiator - msg : HHH000490: Using JtaPlatform implementation: [org.hibernate.engine.transaction.jta.platform.internal.NoJtaPlatform]
2023-04-11 06:21:24.363 [32m INFO[0;39m org.springframework.orm.jpa.LocalContainerEntityManagerFactoryBean - msg : Initialized JPA EntityManagerFactory for persistence unit 'default'
2023-04-11 06:21:24.613 [33m WARN[0;39m org.springframework.boot.autoconfigure.orm.jpa.JpaBaseConfiguration$JpaWebConfiguration - msg : spring.jpa.open-in-view is enabled by default. Therefore, database queries may be performed during view rendering. Explicitly configure spring.jpa.open-in-view to disable this warning
2023-04-11 06:21:24.888 [32m INFO[0;39m org.springframework.boot.devtools.autoconfigure.OptionalLiveReloadServer - msg : LiveReload server is running on port 35729
2023-04-11 06:21:24.920 [32m INFO[0;39m org.springframework.boot.web.embedded.tomcat.TomcatWebServer - msg : Tomcat started on port(s): 12833 (http) with context path ''
2023-04-11 06:21:24.929 [32m INFO[0;39m com.navoshgaran.socialnetwork.SocialNetworkApplication - msg : Started SocialNetworkApplication in 4.205 seconds (process running for 5.027)
2023-04-11 06:21:59.277 [32m INFO[0;39m org.apache.catalina.core.ContainerBase.[Tomcat].[localhost].[/] - msg : Initializing Spring DispatcherServlet 'dispatcherServlet'
2023-04-11 06:21:59.277 [32m INFO[0;39m org.springframework.web.servlet.DispatcherServlet - msg : Initializing Servlet 'dispatcherServlet'
2023-04-11 06:21:59.278 [32m INFO[0;39m org.springframework.web.servlet.DispatcherServlet - msg : Completed initialization in 1 ms
2023-04-11 06:23:16.686 [32m INFO[0;39m org.springframework.orm.jpa.LocalContainerEntityManagerFactoryBean - msg : Closing JPA EntityManagerFactory for persistence unit 'default'
2023-04-11 06:23:16.689 [32m INFO[0;39m com.zaxxer.hikari.HikariDataSource - msg : HikariPool-1 - Shutdown initiated...
2023-04-11 06:23:16.695 [32m INFO[0;39m com.zaxxer.hikari.HikariDataSource - msg : HikariPool-1 - Shutdown completed.
2023-04-11 06:23:24.048 [32m INFO[0;39m com.navoshgaran.socialnetwork.SocialNetworkApplication - msg : Starting SocialNetworkApplication using Java 17.0.4.1 with PID 13144 (D:\Folder\CODING\Code Sample\social-network\target\classes started by Ali Nakhjavani in D:\Folder\CODING\Code Sample\social-network)
2023-04-11 06:23:24.050 [32m INFO[0;39m com.navoshgaran.socialnetwork.SocialNetworkApplication - msg : No active profile set, falling back to 1 default profile: "default"
2023-04-11 06:23:24.103 [32m INFO[0;39m org.springframework.boot.devtools.env.DevToolsPropertyDefaultsPostProcessor - msg : Devtools property defaults active! Set 'spring.devtools.add-properties' to 'false' to disable
2023-04-11 06:23:24.104 [32m INFO[0;39m org.springframework.boot.devtools.env.DevToolsPropertyDefaultsPostProcessor - msg : For additional web related logging consider setting the 'logging.level.web' property to 'DEBUG'
2023-04-11 06:23:24.890 [32m INFO[0;39m org.springframework.data.repository.config.RepositoryConfigurationDelegate - msg : Bootstrapping Spring Data JPA repositories in DEFAULT mode.
2023-04-11 06:23:24.955 [32m INFO[0;39m org.springframework.data.repository.config.RepositoryConfigurationDelegate - msg : Finished Spring Data repository scanning in 55 ms. Found 1 JPA repository interfaces.
2023-04-11 06:23:25.460 [32m INFO[0;39m org.springframework.boot.web.embedded.tomcat.TomcatWebServer - msg : Tomcat initialized with port(s): 12833 (http)
2023-04-11 06:23:25.468 [32m INFO[0;39m org.apache.catalina.core.StandardService - msg : Starting service [Tomcat]
2023-04-11 06:23:25.469 [32m INFO[0;39m org.apache.catalina.core.StandardEngine - msg : Starting Servlet engine: [Apache Tomcat/10.1.7]
2023-04-11 06:23:25.523 [32m INFO[0;39m org.apache.catalina.core.ContainerBase.[Tomcat].[localhost].[/] - msg : Initializing Spring embedded WebApplicationContext
2023-04-11 06:23:25.523 [32m INFO[0;39m org.springframework.boot.web.servlet.context.ServletWebServerApplicationContext - msg : Root WebApplicationContext: initialization completed in 1418 ms
2023-04-11 06:23:25.639 [32m INFO[0;39m org.hibernate.jpa.internal.util.LogHelper - msg : HHH000204: Processing PersistenceUnitInfo [name: default]
2023-04-11 06:23:25.690 [32m INFO[0;39m org.hibernate.Version - msg : HHH000412: Hibernate ORM core version 6.1.7.Final
2023-04-11 06:23:25.945 [32m INFO[0;39m com.zaxxer.hikari.HikariDataSource - msg : HikariPool-1 - Starting...
2023-04-11 06:23:26.104 [32m INFO[0;39m com.zaxxer.hikari.pool.HikariPool - msg : HikariPool-1 - Added connection org.postgresql.jdbc.PgConnection@33b7acaa
2023-04-11 06:23:26.105 [32m INFO[0;39m com.zaxxer.hikari.HikariDataSource - msg : HikariPool-1 - Start completed.
2023-04-11 06:23:26.136 [32m INFO[0;39m SQL dialect - msg : HHH000400: Using dialect: org.hibernate.dialect.PostgreSQLDialect
2023-04-11 06:23:27.089 [32m INFO[0;39m org.hibernate.engine.transaction.jta.platform.internal.JtaPlatformInitiator - msg : HHH000490: Using JtaPlatform implementation: [org.hibernate.engine.transaction.jta.platform.internal.NoJtaPlatform]
2023-04-11 06:23:27.097 [32m INFO[0;39m org.springframework.orm.jpa.LocalContainerEntityManagerFactoryBean - msg : Initialized JPA EntityManagerFactory for persistence unit 'default'
2023-04-11 06:23:27.338 [33m WARN[0;39m org.springframework.boot.autoconfigure.orm.jpa.JpaBaseConfiguration$JpaWebConfiguration - msg : spring.jpa.open-in-view is enabled by default. Therefore, database queries may be performed during view rendering. Explicitly configure spring.jpa.open-in-view to disable this warning
2023-04-11 06:23:27.645 [32m INFO[0;39m org.springframework.boot.devtools.autoconfigure.OptionalLiveReloadServer - msg : LiveReload server is running on port 35729
2023-04-11 06:23:27.708 [32m INFO[0;39m org.springframework.boot.web.embedded.tomcat.TomcatWebServer - msg : Tomcat started on port(s): 12833 (http) with context path ''
2023-04-11 06:23:27.723 [32m INFO[0;39m com.navoshgaran.socialnetwork.SocialNetworkApplication - msg : Started SocialNetworkApplication in 4.232 seconds (process running for 5.104)
2023-04-11 06:23:31.794 [32m INFO[0;39m org.apache.catalina.core.ContainerBase.[Tomcat].[localhost].[/] - msg : Initializing Spring DispatcherServlet 'dispatcherServlet'
2023-04-11 06:23:31.794 [32m INFO[0;39m org.springframework.web.servlet.DispatcherServlet - msg : Initializing Servlet 'dispatcherServlet'
2023-04-11 06:23:31.795 [32m INFO[0;39m org.springframework.web.servlet.DispatcherServlet - msg : Completed initialization in 1 ms
2023-04-11 06:23:31.966 [33m WARN[0;39m org.springframework.web.servlet.mvc.method.annotation.ExceptionHandlerExceptionResolver - msg : Resolved [org.springframework.web.bind.MethodArgumentNotValidException: Validation failed for argument [0] in public void com.navoshgaran.socialnetwork.controller.UserController.userRegister(com.navoshgaran.socialnetwork.dto.RegisterUserDto) with 6 errors: [Field error in object 'registerUserDto' on field 'password': rejected value []; codes [Pattern.registerUserDto.password,Pattern.password,Pattern.java.lang.String,Pattern]; arguments [org.springframework.context.support.DefaultMessageSourceResolvable: codes [registerUserDto.password,password]; arguments []; default message [password],[Ljakarta.validation.constraints.Pattern$Flag;@15cfb480,^(?=.*[0-9])(?=.*[a-z])(?=.*[A-Z])(?=.*[!#*@$%&]).{8,20}$]; default message [Wrong Pattern For Password]] [Field error in object 'registerUserDto' on field 'password': rejected value []; codes [NotBlank.registerUserDto.password,NotBlank.password,NotBlank.java.lang.String,NotBlank]; arguments [org.springframework.context.support.DefaultMessageSourceResolvable: codes [registerUserDto.password,password]; arguments []; default message [password]]; default message [Password Is Empty]] [Field error in object 'registerUserDto' on field 'username': rejected value []; codes [NotBlank.registerUserDto.username,NotBlank.username,NotBlank.java.lang.String,NotBlank]; arguments [org.springframework.context.support.DefaultMessageSourceResolvable: codes [registerUserDto.username,username]; arguments []; default message [username]]; default message [Username Is Null]] [Field error in object 'registerUserDto' on field 'lastName': rejected value []; codes [NotBlank.registerUserDto.lastName,NotBlank.lastName,NotBlank.java.lang.String,NotBlank]; arguments [org.springframework.context.support.DefaultMessageSourceResolvable: codes [registerUserDto.lastName,lastName]; arguments []; default message [lastName]]; default message [Last Name is Null]] [Field error in object 'registerUserDto' on field 'email': rejected value []; codes [NotBlank.registerUserDto.email,NotBlank.email,NotBlank.java.lang.String,NotBlank]; arguments [org.springframework.context.support.DefaultMessageSourceResolvable: codes [registerUserDto.email,email]; arguments []; default message [email]]; default message [Email Is Null]] [Field error in object 'registerUserDto' on field 'firstName': rejected value []; codes [NotBlank.registerUserDto.firstName,NotBlank.firstName,NotBlank.java.lang.String,NotBlank]; arguments [org.springframework.context.support.DefaultMessageSourceResolvable: codes [registerUserDto.firstName,firstName]; arguments []; default message [firstName]]; default message [First Name is Null]] ]
2023-04-11 06:23:37.605 [33m WARN[0;39m org.springframework.web.servlet.mvc.method.annotation.ExceptionHandlerExceptionResolver - msg : Resolved [org.springframework.web.bind.MethodArgumentNotValidException: Validation failed for argument [0] in public void com.navoshgaran.socialnetwork.controller.UserController.userRegister(com.navoshgaran.socialnetwork.dto.RegisterUserDto) with 6 errors: [Field error in object 'registerUserDto' on field 'password': rejected value []; codes [Pattern.registerUserDto.password,Pattern.password,Pattern.java.lang.String,Pattern]; arguments [org.springframework.context.support.DefaultMessageSourceResolvable: codes [registerUserDto.password,password]; arguments []; default message [password],[Ljakarta.validation.constraints.Pattern$Flag;@15cfb480,^(?=.*[0-9])(?=.*[a-z])(?=.*[A-Z])(?=.*[!#*@$%&]).{8,20}$]; default message [Wrong Pattern For Password]] [Field error in object 'registerUserDto' on field 'username': rejected value []; codes [NotBlank.registerUserDto.username,NotBlank.username,NotBlank.java.lang.String,NotBlank]; arguments [org.springframework.context.support.DefaultMessageSourceResolvable: codes [registerUserDto.username,username]; arguments []; default message [username]]; default message [Username Is Null]] [Field error in object 'registerUserDto' on field 'email': rejected value []; codes [NotBlank.registerUserDto.email,NotBlank.email,NotBlank.java.lang.String,NotBlank]; arguments [org.springframework.context.support.DefaultMessageSourceResolvable: codes [registerUserDto.email,email]; arguments []; default message [email]]; default message [Email Is Null]] [Field error in object 'registerUserDto' on field 'password': rejected value []; codes [NotBlank.registerUserDto.password,NotBlank.password,NotBlank.java.lang.String,NotBlank]; arguments [org.springframework.context.support.DefaultMessageSourceResolvable: codes [registerUserDto.password,password]; arguments []; default message [password]]; default message [Password Is Empty]] [Field error in object 'registerUserDto' on field 'lastName': rejected value []; codes [NotBlank.registerUserDto.lastName,NotBlank.lastName,NotBlank.java.lang.String,NotBlank]; arguments [org.springframework.context.support.DefaultMessageSourceResolvable: codes [registerUserDto.lastName,lastName]; arguments []; default message [lastName]]; default message [Last Name is Null]] [Field error in object 'registerUserDto' on field 'firstName': rejected value []; codes [NotBlank.registerUserDto.firstName,NotBlank.firstName,NotBlank.java.lang.String,NotBlank]; arguments [org.springframework.context.support.DefaultMessageSourceResolvable: codes [registerUserDto.firstName,firstName]; arguments []; default message [firstName]]; default message [First Name is Null]] ]
2023-04-11 06:23:38.611 [33m WARN[0;39m org.springframework.web.servlet.mvc.method.annotation.ExceptionHandlerExceptionResolver - msg : Resolved [org.springframework.web.bind.MethodArgumentNotValidException: Validation failed for argument [0] in public void com.navoshgaran.socialnetwork.controller.UserController.userRegister(com.navoshgaran.socialnetwork.dto.RegisterUserDto) with 6 errors: [Field error in object 'registerUserDto' on field 'lastName': rejected value []; codes [NotBlank.registerUserDto.lastName,NotBlank.lastName,NotBlank.java.lang.String,NotBlank]; arguments [org.springframework.context.support.DefaultMessageSourceResolvable: codes [registerUserDto.lastName,lastName]; arguments []; default message [lastName]]; default message [Last Name is Null]] [Field error in object 'registerUserDto' on field 'firstName': rejected value []; codes [NotBlank.registerUserDto.firstName,NotBlank.firstName,NotBlank.java.lang.String,NotBlank]; arguments [org.springframework.context.support.DefaultMessageSourceResolvable: codes [registerUserDto.firstName,firstName]; arguments []; default message [firstName]]; default message [First Name is Null]] [Field error in object 'registerUserDto' on field 'password': rejected value []; codes [Pattern.registerUserDto.password,Pattern.password,Pattern.java.lang.String,Pattern]; arguments [org.springframework.context.support.DefaultMessageSourceResolvable: codes [registerUserDto.password,password]; arguments []; default message [password],[Ljakarta.validation.constraints.Pattern$Flag;@15cfb480,^(?=.*[0-9])(?=.*[a-z])(?=.*[A-Z])(?=.*[!#*@$%&]).{8,20}$]; default message [Wrong Pattern For Password]] [Field error in object 'registerUserDto' on field 'username': rejected value []; codes [NotBlank.registerUserDto.username,NotBlank.username,NotBlank.java.lang.String,NotBlank]; arguments [org.springframework.context.support.DefaultMessageSourceResolvable: codes [registerUserDto.username,username]; arguments []; default message [username]]; default message [Username Is Null]] [Field error in object 'registerUserDto' on field 'email': rejected value []; codes [NotBlank.registerUserDto.email,NotBlank.email,NotBlank.java.lang.String,NotBlank]; arguments [org.springframework.context.support.DefaultMessageSourceResolvable: codes [registerUserDto.email,email]; arguments []; default message [email]]; default message [Email Is Null]] [Field error in object 'registerUserDto' on field 'password': rejected value []; codes [NotBlank.registerUserDto.password,NotBlank.password,NotBlank.java.lang.String,NotBlank]; arguments [org.springframework.context.support.DefaultMessageSourceResolvable: codes [registerUserDto.password,password]; arguments []; default message [password]]; default message [Password Is Empty]] ]
2023-04-11 06:23:40.391 [33m WARN[0;39m org.springframework.web.servlet.mvc.method.annotation.ExceptionHandlerExceptionResolver - msg : Resolved [org.springframework.web.bind.MethodArgumentNotValidException: Validation failed for argument [0] in public void com.navoshgaran.socialnetwork.controller.UserController.userRegister(com.navoshgaran.socialnetwork.dto.RegisterUserDto) with 6 errors: [Field error in object 'registerUserDto' on field 'password': rejected value []; codes [Pattern.registerUserDto.password,Pattern.password,Pattern.java.lang.String,Pattern]; arguments [org.springframework.context.support.DefaultMessageSourceResolvable: codes [registerUserDto.password,password]; arguments []; default message [password],[Ljakarta.validation.constraints.Pattern$Flag;@15cfb480,^(?=.*[0-9])(?=.*[a-z])(?=.*[A-Z])(?=.*[!#*@$%&]).{8,20}$]; default message [Wrong Pattern For Password]] [Field error in object 'registerUserDto' on field 'password': rejected value []; codes [NotBlank.registerUserDto.password,NotBlank.password,NotBlank.java.lang.String,NotBlank]; arguments [org.springframework.context.support.DefaultMessageSourceResolvable: codes [registerUserDto.password,password]; arguments []; default message [password]]; default message [Password Is Empty]] [Field error in object 'registerUserDto' on field 'username': rejected value []; codes [NotBlank.registerUserDto.username,NotBlank.username,NotBlank.java.lang.String,NotBlank]; arguments [org.springframework.context.support.DefaultMessageSourceResolvable: codes [registerUserDto.username,username]; arguments []; default message [username]]; default message [Username Is Null]] [Field error in object 'registerUserDto' on field 'lastName': rejected value []; codes [NotBlank.registerUserDto.lastName,NotBlank.lastName,NotBlank.java.lang.String,NotBlank]; arguments [org.springframework.context.support.DefaultMessageSourceResolvable: codes [registerUserDto.lastName,lastName]; arguments []; default message [lastName]]; default message [Last Name is Null]] [Field error in object 'registerUserDto' on field 'email': rejected value []; codes [NotBlank.registerUserDto.email,NotBlank.email,NotBlank.java.lang.String,NotBlank]; arguments [org.springframework.context.support.DefaultMessageSourceResolvable: codes [registerUserDto.email,email]; arguments []; default message [email]]; default message [Email Is Null]] [Field error in object 'registerUserDto' on field 'firstName': rejected value []; codes [NotBlank.registerUserDto.firstName,NotBlank.firstName,NotBlank.java.lang.String,NotBlank]; arguments [org.springframework.context.support.DefaultMessageSourceResolvable: codes [registerUserDto.firstName,firstName]; arguments []; default message [firstName]]; default message [First Name is Null]] ]
2023-04-11 06:24:05.821 [33m WARN[0;39m org.springframework.web.servlet.mvc.method.annotation.ExceptionHandlerExceptionResolver - msg : Resolved [org.springframework.web.bind.MethodArgumentNotValidException: Validation failed for argument [0] in public void com.navoshgaran.socialnetwork.controller.UserController.userRegister(com.navoshgaran.socialnetwork.dto.RegisterUserDto) with 2 errors: [Field error in object 'registerUserDto' on field 'password': rejected value [123]; codes [Pattern.registerUserDto.password,Pattern.password,Pattern.java.lang.String,Pattern]; arguments [org.springframework.context.support.DefaultMessageSourceResolvable: codes [registerUserDto.password,password]; arguments []; default message [password],[Ljakarta.validation.constraints.Pattern$Flag;@15cfb480,^(?=.*[0-9])(?=.*[a-z])(?=.*[A-Z])(?=.*[!#*@$%&]).{8,20}$]; default message [Wrong Pattern For Password]] [Field error in object 'registerUserDto' on field 'email': rejected value [ali]; codes [Email.registerUserDto.email,Email.email,Email.java.lang.String,Email]; arguments [org.springframework.context.support.DefaultMessageSourceResolvable: codes [registerUserDto.email,email]; arguments []; default message [email],[Ljakarta.validation.constraints.Pattern$Flag;@50f16745,.*]; default message [Invalid Email]] ]
2023-04-11 06:24:13.813 [33m WARN[0;39m org.springframework.web.servlet.mvc.method.annotation.ExceptionHandlerExceptionResolver - msg : Resolved [org.springframework.web.bind.MethodArgumentNotValidException: Validation failed for argument [0] in public void com.navoshgaran.socialnetwork.controller.UserController.userRegister(com.navoshgaran.socialnetwork.dto.RegisterUserDto) with 2 errors: [Field error in object 'registerUserDto' on field 'email': rejected value [ali]; codes [Email.registerUserDto.email,Email.email,Email.java.lang.String,Email]; arguments [org.springframework.context.support.DefaultMessageSourceResolvable: codes [registerUserDto.email,email]; arguments []; default message [email],[Ljakarta.validation.constraints.Pattern$Flag;@50f16745,.*]; default message [Invalid Email]] [Field error in object 'registerUserDto' on field 'password': rejected value [123a!alio]; codes [Pattern.registerUserDto.password,Pattern.password,Pattern.java.lang.String,Pattern]; arguments [org.springframework.context.support.DefaultMessageSourceResolvable: codes [registerUserDto.password,password]; arguments []; default message [password],[Ljakarta.validation.constraints.Pattern$Flag;@15cfb480,^(?=.*[0-9])(?=.*[a-z])(?=.*[A-Z])(?=.*[!#*@$%&]).{8,20}$]; default message [Wrong Pattern For Password]] ]
2023-04-11 06:24:22.130 [33m WARN[0;39m org.springframework.web.servlet.mvc.method.annotation.ExceptionHandlerExceptionResolver - msg : Resolved [org.springframework.web.bind.MethodArgumentNotValidException: Validation failed for argument [0] in public void com.navoshgaran.socialnetwork.controller.UserController.userRegister(com.navoshgaran.socialnetwork.dto.RegisterUserDto): [Field error in object 'registerUserDto' on field 'password': rejected value [123a!alio]; codes [Pattern.registerUserDto.password,Pattern.password,Pattern.java.lang.String,Pattern]; arguments [org.springframework.context.support.DefaultMessageSourceResolvable: codes [registerUserDto.password,password]; arguments []; default message [password],[Ljakarta.validation.constraints.Pattern$Flag;@15cfb480,^(?=.*[0-9])(?=.*[a-z])(?=.*[A-Z])(?=.*[!#*@$%&]).{8,20}$]; default message [Wrong Pattern For Password]] ]
2023-04-11 06:25:47.615 [32m INFO[0;39m org.springframework.orm.jpa.LocalContainerEntityManagerFactoryBean - msg : Closing JPA EntityManagerFactory for persistence unit 'default'
2023-04-11 06:25:47.617 [32m INFO[0;39m com.zaxxer.hikari.HikariDataSource - msg : HikariPool-1 - Shutdown initiated...
2023-04-11 06:25:47.625 [32m INFO[0;39m com.zaxxer.hikari.HikariDataSource - msg : HikariPool-1 - Shutdown completed.
2023-04-11 06:25:54.936 [32m INFO[0;39m com.navoshgaran.socialnetwork.SocialNetworkApplication - msg : Starting SocialNetworkApplication using Java 17.0.4.1 with PID 12696 (D:\Folder\CODING\Code Sample\social-network\target\classes started by Ali Nakhjavani in D:\Folder\CODING\Code Sample\social-network)
2023-04-11 06:25:54.939 [32m INFO[0;39m com.navoshgaran.socialnetwork.SocialNetworkApplication - msg : No active profile set, falling back to 1 default profile: "default"
2023-04-11 06:25:54.992 [32m INFO[0;39m org.springframework.boot.devtools.env.DevToolsPropertyDefaultsPostProcessor - msg : Devtools property defaults active! Set 'spring.devtools.add-properties' to 'false' to disable
2023-04-11 06:25:54.992 [32m INFO[0;39m org.springframework.boot.devtools.env.DevToolsPropertyDefaultsPostProcessor - msg : For additional web related logging consider setting the 'logging.level.web' property to 'DEBUG'
2023-04-11 06:25:55.736 [32m INFO[0;39m org.springframework.data.repository.config.RepositoryConfigurationDelegate - msg : Bootstrapping Spring Data JPA repositories in DEFAULT mode.
2023-04-11 06:25:55.786 [32m INFO[0;39m org.springframework.data.repository.config.RepositoryConfigurationDelegate - msg : Finished Spring Data repository scanning in 43 ms. Found 1 JPA repository interfaces.
2023-04-11 06:25:56.282 [32m INFO[0;39m org.springframework.boot.web.embedded.tomcat.TomcatWebServer - msg : Tomcat initialized with port(s): 12833 (http)
2023-04-11 06:25:56.289 [32m INFO[0;39m org.apache.catalina.core.StandardService - msg : Starting service [Tomcat]
2023-04-11 06:25:56.290 [32m INFO[0;39m org.apache.catalina.core.StandardEngine - msg : Starting Servlet engine: [Apache Tomcat/10.1.7]
2023-04-11 06:25:56.347 [32m INFO[0;39m org.apache.catalina.core.ContainerBase.[Tomcat].[localhost].[/] - msg : Initializing Spring embedded WebApplicationContext
2023-04-11 06:25:56.347 [32m INFO[0;39m org.springframework.boot.web.servlet.context.ServletWebServerApplicationContext - msg : Root WebApplicationContext: initialization completed in 1354 ms
2023-04-11 06:25:56.465 [32m INFO[0;39m org.hibernate.jpa.internal.util.LogHelper - msg : HHH000204: Processing PersistenceUnitInfo [name: default]
2023-04-11 06:25:56.524 [32m INFO[0;39m org.hibernate.Version - msg : HHH000412: Hibernate ORM core version 6.1.7.Final
2023-04-11 06:25:56.776 [32m INFO[0;39m com.zaxxer.hikari.HikariDataSource - msg : HikariPool-1 - Starting...
2023-04-11 06:25:56.933 [32m INFO[0;39m com.zaxxer.hikari.pool.HikariPool - msg : HikariPool-1 - Added connection org.postgresql.jdbc.PgConnection@c62d3f
2023-04-11 06:25:56.934 [32m INFO[0;39m com.zaxxer.hikari.HikariDataSource - msg : HikariPool-1 - Start completed.
2023-04-11 06:25:56.966 [32m INFO[0;39m SQL dialect - msg : HHH000400: Using dialect: org.hibernate.dialect.PostgreSQLDialect
2023-04-11 06:25:57.921 [32m INFO[0;39m org.hibernate.engine.transaction.jta.platform.internal.JtaPlatformInitiator - msg : HHH000490: Using JtaPlatform implementation: [org.hibernate.engine.transaction.jta.platform.internal.NoJtaPlatform]
2023-04-11 06:25:57.929 [32m INFO[0;39m org.springframework.orm.jpa.LocalContainerEntityManagerFactoryBean - msg : Initialized JPA EntityManagerFactory for persistence unit 'default'
2023-04-11 06:25:58.170 [33m WARN[0;39m org.springframework.boot.autoconfigure.orm.jpa.JpaBaseConfiguration$JpaWebConfiguration - msg : spring.jpa.open-in-view is enabled by default. Therefore, database queries may be performed during view rendering. Explicitly configure spring.jpa.open-in-view to disable this warning
2023-04-11 06:25:58.456 [32m INFO[0;39m org.springframework.boot.devtools.autoconfigure.OptionalLiveReloadServer - msg : LiveReload server is running on port 35729
2023-04-11 06:25:58.489 [32m INFO[0;39m org.springframework.boot.web.embedded.tomcat.TomcatWebServer - msg : Tomcat started on port(s): 12833 (http) with context path ''
2023-04-11 06:25:58.499 [32m INFO[0;39m com.navoshgaran.socialnetwork.SocialNetworkApplication - msg : Started SocialNetworkApplication in 4.102 seconds (process running for 4.889)
2023-04-11 06:26:06.365 [32m INFO[0;39m org.apache.catalina.core.ContainerBase.[Tomcat].[localhost].[/] - msg : Initializing Spring DispatcherServlet 'dispatcherServlet'
2023-04-11 06:26:06.366 [32m INFO[0;39m org.springframework.web.servlet.DispatcherServlet - msg : Initializing Servlet 'dispatcherServlet'
2023-04-11 06:26:06.367 [32m INFO[0;39m org.springframework.web.servlet.DispatcherServlet - msg : Completed initialization in 1 ms
2023-04-11 06:26:06.578 [33m WARN[0;39m org.hibernate.engine.jdbc.spi.SqlExceptionHelper - msg : SQL Error: 0, SQLState: 23502
2023-04-11 06:26:06.579 [31mERROR[0;39m org.hibernate.engine.jdbc.spi.SqlExceptionHelper - msg : ERROR: null value in column "register_date" of relation "users" violates not-null constraint
  Detail: Failing row contains (1, ali@gmail.com, Ali, Nakhjavani, null, 123a!Alio, null, alio).
2023-04-11 06:26:06.581 [32m INFO[0;39m org.hibernate.engine.jdbc.batch.internal.AbstractBatchImpl - msg : HHH000010: On release of batch it still contained JDBC statements
2023-04-11 06:26:06.591 [31mERROR[0;39m com.navoshgaran.socialnetwork.service.UserService - msg : save or update of User : alio Was not successful. 
2023-04-11 06:26:06.591 [31mERROR[0;39m com.navoshgaran.socialnetwork.service.UserService - msg : could not execute statement; SQL [n/a]; constraint [register_date" of relation "users]
2023-04-11 06:26:06.618 [33m WARN[0;39m org.springframework.web.servlet.mvc.method.annotation.ExceptionHandlerExceptionResolver - msg : Resolved [com.navoshgaran.socialnetwork.exception.OperationException]
2023-04-11 06:26:49.993 [32m INFO[0;39m org.springframework.orm.jpa.LocalContainerEntityManagerFactoryBean - msg : Closing JPA EntityManagerFactory for persistence unit 'default'
2023-04-11 06:26:49.996 [32m INFO[0;39m com.zaxxer.hikari.HikariDataSource - msg : HikariPool-1 - Shutdown initiated...
2023-04-11 06:26:50.002 [32m INFO[0;39m com.zaxxer.hikari.HikariDataSource - msg : HikariPool-1 - Shutdown completed.
2023-04-11 06:26:57.110 [32m INFO[0;39m com.navoshgaran.socialnetwork.SocialNetworkApplication - msg : Starting SocialNetworkApplication using Java 17.0.4.1 with PID 13204 (D:\Folder\CODING\Code Sample\social-network\target\classes started by Ali Nakhjavani in D:\Folder\CODING\Code Sample\social-network)
2023-04-11 06:26:57.113 [32m INFO[0;39m com.navoshgaran.socialnetwork.SocialNetworkApplication - msg : No active profile set, falling back to 1 default profile: "default"
2023-04-11 06:26:57.183 [32m INFO[0;39m org.springframework.boot.devtools.env.DevToolsPropertyDefaultsPostProcessor - msg : Devtools property defaults active! Set 'spring.devtools.add-properties' to 'false' to disable
2023-04-11 06:26:57.183 [32m INFO[0;39m org.springframework.boot.devtools.env.DevToolsPropertyDefaultsPostProcessor - msg : For additional web related logging consider setting the 'logging.level.web' property to 'DEBUG'
2023-04-11 06:26:58.120 [32m INFO[0;39m org.springframework.data.repository.config.RepositoryConfigurationDelegate - msg : Bootstrapping Spring Data JPA repositories in DEFAULT mode.
2023-04-11 06:26:58.201 [32m INFO[0;39m org.springframework.data.repository.config.RepositoryConfigurationDelegate - msg : Finished Spring Data repository scanning in 69 ms. Found 1 JPA repository interfaces.
2023-04-11 06:26:58.937 [32m INFO[0;39m org.springframework.boot.web.embedded.tomcat.TomcatWebServer - msg : Tomcat initialized with port(s): 12833 (http)
2023-04-11 06:26:58.946 [32m INFO[0;39m org.apache.catalina.core.StandardService - msg : Starting service [Tomcat]
2023-04-11 06:26:58.947 [32m INFO[0;39m org.apache.catalina.core.StandardEngine - msg : Starting Servlet engine: [Apache Tomcat/10.1.7]
2023-04-11 06:26:59.007 [32m INFO[0;39m org.apache.catalina.core.ContainerBase.[Tomcat].[localhost].[/] - msg : Initializing Spring embedded WebApplicationContext
2023-04-11 06:26:59.007 [32m INFO[0;39m org.springframework.boot.web.servlet.context.ServletWebServerApplicationContext - msg : Root WebApplicationContext: initialization completed in 1823 ms
2023-04-11 06:26:59.142 [32m INFO[0;39m org.hibernate.jpa.internal.util.LogHelper - msg : HHH000204: Processing PersistenceUnitInfo [name: default]
2023-04-11 06:26:59.200 [32m INFO[0;39m org.hibernate.Version - msg : HHH000412: Hibernate ORM core version 6.1.7.Final
2023-04-11 06:26:59.451 [32m INFO[0;39m com.zaxxer.hikari.HikariDataSource - msg : HikariPool-1 - Starting...
2023-04-11 06:26:59.634 [32m INFO[0;39m com.zaxxer.hikari.pool.HikariPool - msg : HikariPool-1 - Added connection org.postgresql.jdbc.PgConnection@774f2504
2023-04-11 06:26:59.635 [32m INFO[0;39m com.zaxxer.hikari.HikariDataSource - msg : HikariPool-1 - Start completed.
2023-04-11 06:26:59.671 [32m INFO[0;39m SQL dialect - msg : HHH000400: Using dialect: org.hibernate.dialect.PostgreSQLDialect
2023-04-11 06:27:00.787 [32m INFO[0;39m org.hibernate.engine.transaction.jta.platform.internal.JtaPlatformInitiator - msg : HHH000490: Using JtaPlatform implementation: [org.hibernate.engine.transaction.jta.platform.internal.NoJtaPlatform]
2023-04-11 06:27:00.795 [32m INFO[0;39m org.springframework.orm.jpa.LocalContainerEntityManagerFactoryBean - msg : Initialized JPA EntityManagerFactory for persistence unit 'default'
2023-04-11 06:27:01.091 [33m WARN[0;39m org.springframework.boot.autoconfigure.orm.jpa.JpaBaseConfiguration$JpaWebConfiguration - msg : spring.jpa.open-in-view is enabled by default. Therefore, database queries may be performed during view rendering. Explicitly configure spring.jpa.open-in-view to disable this warning
2023-04-11 06:27:01.400 [32m INFO[0;39m org.springframework.boot.devtools.autoconfigure.OptionalLiveReloadServer - msg : LiveReload server is running on port 35729
2023-04-11 06:27:01.432 [32m INFO[0;39m org.springframework.boot.web.embedded.tomcat.TomcatWebServer - msg : Tomcat started on port(s): 12833 (http) with context path ''
2023-04-11 06:27:01.440 [32m INFO[0;39m com.navoshgaran.socialnetwork.SocialNetworkApplication - msg : Started SocialNetworkApplication in 4.857 seconds (process running for 5.685)
2023-04-11 06:27:06.031 [32m INFO[0;39m org.apache.catalina.core.ContainerBase.[Tomcat].[localhost].[/] - msg : Initializing Spring DispatcherServlet 'dispatcherServlet'
2023-04-11 06:27:06.031 [32m INFO[0;39m org.springframework.web.servlet.DispatcherServlet - msg : Initializing Servlet 'dispatcherServlet'
2023-04-11 06:27:06.032 [32m INFO[0;39m org.springframework.web.servlet.DispatcherServlet - msg : Completed initialization in 0 ms
2023-04-11 06:27:54.518 [33m WARN[0;39m org.hibernate.engine.jdbc.spi.SqlExceptionHelper - msg : SQL Error: 0, SQLState: 23505
2023-04-11 06:27:54.518 [31mERROR[0;39m org.hibernate.engine.jdbc.spi.SqlExceptionHelper - msg : ERROR: duplicate key value violates unique constraint "uk_6dotkott2kjsp8vw4d0m25fb7"
  Detail: Key (email)=(ali@gmail.com) already exists.
2023-04-11 06:27:54.519 [32m INFO[0;39m org.hibernate.engine.jdbc.batch.internal.AbstractBatchImpl - msg : HHH000010: On release of batch it still contained JDBC statements
2023-04-11 06:27:54.525 [31mERROR[0;39m com.navoshgaran.socialnetwork.service.UserService - msg : save or update of User : alio Was not successful. 
2023-04-11 06:27:54.525 [31mERROR[0;39m com.navoshgaran.socialnetwork.service.UserService - msg : could not execute statement; SQL [n/a]; constraint [uk_6dotkott2kjsp8vw4d0m25fb7]
2023-04-11 06:27:54.552 [33m WARN[0;39m org.springframework.web.servlet.mvc.method.annotation.ExceptionHandlerExceptionResolver - msg : Resolved [com.navoshgaran.socialnetwork.exception.OperationException]
2023-04-11 06:29:16.883 [32m INFO[0;39m org.springframework.orm.jpa.LocalContainerEntityManagerFactoryBean - msg : Closing JPA EntityManagerFactory for persistence unit 'default'
2023-04-11 06:29:16.886 [32m INFO[0;39m com.zaxxer.hikari.HikariDataSource - msg : HikariPool-1 - Shutdown initiated...
2023-04-11 06:29:16.892 [32m INFO[0;39m com.zaxxer.hikari.HikariDataSource - msg : HikariPool-1 - Shutdown completed.
2023-04-11 06:29:23.511 [32m INFO[0;39m com.navoshgaran.socialnetwork.SocialNetworkApplication - msg : Starting SocialNetworkApplication using Java 17.0.4.1 with PID 13988 (D:\Folder\CODING\Code Sample\social-network\target\classes started by Ali Nakhjavani in D:\Folder\CODING\Code Sample\social-network)
2023-04-11 06:29:23.515 [32m INFO[0;39m com.navoshgaran.socialnetwork.SocialNetworkApplication - msg : No active profile set, falling back to 1 default profile: "default"
2023-04-11 06:29:23.590 [32m INFO[0;39m org.springframework.boot.devtools.env.DevToolsPropertyDefaultsPostProcessor - msg : Devtools property defaults active! Set 'spring.devtools.add-properties' to 'false' to disable
2023-04-11 06:29:23.590 [32m INFO[0;39m org.springframework.boot.devtools.env.DevToolsPropertyDefaultsPostProcessor - msg : For additional web related logging consider setting the 'logging.level.web' property to 'DEBUG'
2023-04-11 06:29:24.369 [32m INFO[0;39m org.springframework.data.repository.config.RepositoryConfigurationDelegate - msg : Bootstrapping Spring Data JPA repositories in DEFAULT mode.
2023-04-11 06:29:24.437 [32m INFO[0;39m org.springframework.data.repository.config.RepositoryConfigurationDelegate - msg : Finished Spring Data repository scanning in 60 ms. Found 1 JPA repository interfaces.
2023-04-11 06:29:24.957 [32m INFO[0;39m org.springframework.boot.web.embedded.tomcat.TomcatWebServer - msg : Tomcat initialized with port(s): 12833 (http)
2023-04-11 06:29:24.965 [32m INFO[0;39m org.apache.catalina.core.StandardService - msg : Starting service [Tomcat]
2023-04-11 06:29:24.966 [32m INFO[0;39m org.apache.catalina.core.StandardEngine - msg : Starting Servlet engine: [Apache Tomcat/10.1.7]
2023-04-11 06:29:25.021 [32m INFO[0;39m org.apache.catalina.core.ContainerBase.[Tomcat].[localhost].[/] - msg : Initializing Spring embedded WebApplicationContext
2023-04-11 06:29:25.022 [32m INFO[0;39m org.springframework.boot.web.servlet.context.ServletWebServerApplicationContext - msg : Root WebApplicationContext: initialization completed in 1431 ms
2023-04-11 06:29:25.143 [32m INFO[0;39m org.hibernate.jpa.internal.util.LogHelper - msg : HHH000204: Processing PersistenceUnitInfo [name: default]
2023-04-11 06:29:25.195 [32m INFO[0;39m org.hibernate.Version - msg : HHH000412: Hibernate ORM core version 6.1.7.Final
2023-04-11 06:29:25.431 [32m INFO[0;39m com.zaxxer.hikari.HikariDataSource - msg : HikariPool-1 - Starting...
2023-04-11 06:29:25.575 [32m INFO[0;39m com.zaxxer.hikari.pool.HikariPool - msg : HikariPool-1 - Added connection org.postgresql.jdbc.PgConnection@3d2876ab
2023-04-11 06:29:25.577 [32m INFO[0;39m com.zaxxer.hikari.HikariDataSource - msg : HikariPool-1 - Start completed.
2023-04-11 06:29:25.608 [32m INFO[0;39m SQL dialect - msg : HHH000400: Using dialect: org.hibernate.dialect.PostgreSQLDialect
2023-04-11 06:29:26.566 [32m INFO[0;39m org.hibernate.engine.transaction.jta.platform.internal.JtaPlatformInitiator - msg : HHH000490: Using JtaPlatform implementation: [org.hibernate.engine.transaction.jta.platform.internal.NoJtaPlatform]
2023-04-11 06:29:26.573 [32m INFO[0;39m org.springframework.orm.jpa.LocalContainerEntityManagerFactoryBean - msg : Initialized JPA EntityManagerFactory for persistence unit 'default'
2023-04-11 06:29:26.821 [33m WARN[0;39m org.springframework.boot.autoconfigure.orm.jpa.JpaBaseConfiguration$JpaWebConfiguration - msg : spring.jpa.open-in-view is enabled by default. Therefore, database queries may be performed during view rendering. Explicitly configure spring.jpa.open-in-view to disable this warning
2023-04-11 06:29:27.093 [32m INFO[0;39m org.springframework.boot.devtools.autoconfigure.OptionalLiveReloadServer - msg : LiveReload server is running on port 35729
2023-04-11 06:29:27.125 [32m INFO[0;39m org.springframework.boot.web.embedded.tomcat.TomcatWebServer - msg : Tomcat started on port(s): 12833 (http) with context path ''
2023-04-11 06:29:27.133 [32m INFO[0;39m com.navoshgaran.socialnetwork.SocialNetworkApplication - msg : Started SocialNetworkApplication in 4.166 seconds (process running for 5.031)
2023-04-11 06:29:31.035 [32m INFO[0;39m org.apache.catalina.core.ContainerBase.[Tomcat].[localhost].[/] - msg : Initializing Spring DispatcherServlet 'dispatcherServlet'
2023-04-11 06:29:31.035 [32m INFO[0;39m org.springframework.web.servlet.DispatcherServlet - msg : Initializing Servlet 'dispatcherServlet'
2023-04-11 06:29:31.037 [32m INFO[0;39m org.springframework.web.servlet.DispatcherServlet - msg : Completed initialization in 2 ms
2023-04-11 06:29:34.067 [33m WARN[0;39m org.hibernate.engine.jdbc.spi.SqlExceptionHelper - msg : SQL Error: 0, SQLState: 23505
2023-04-11 06:29:34.067 [31mERROR[0;39m org.hibernate.engine.jdbc.spi.SqlExceptionHelper - msg : ERROR: duplicate key value violates unique constraint "uk_6dotkott2kjsp8vw4d0m25fb7"
  Detail: Key (email)=(ali@gmail.com) already exists.
2023-04-11 06:29:34.068 [32m INFO[0;39m org.hibernate.engine.jdbc.batch.internal.AbstractBatchImpl - msg : HHH000010: On release of batch it still contained JDBC statements
2023-04-11 06:29:34.075 [31mERROR[0;39m com.navoshgaran.socialnetwork.service.UserService - msg : save or update of User : alio Was not successful. 
2023-04-11 06:29:34.075 [31mERROR[0;39m com.navoshgaran.socialnetwork.service.UserService - msg : could not execute statement; SQL [n/a]; constraint [uk_6dotkott2kjsp8vw4d0m25fb7]
2023-04-11 06:29:34.098 [33m WARN[0;39m org.springframework.web.servlet.mvc.method.annotation.ExceptionHandlerExceptionResolver - msg : Resolved [com.navoshgaran.socialnetwork.exception.OperationException]
2023-04-11 06:40:02.056 [32m INFO[0;39m org.springframework.orm.jpa.LocalContainerEntityManagerFactoryBean - msg : Closing JPA EntityManagerFactory for persistence unit 'default'
2023-04-11 06:40:02.060 [32m INFO[0;39m com.zaxxer.hikari.HikariDataSource - msg : HikariPool-1 - Shutdown initiated...
2023-04-11 06:40:02.066 [32m INFO[0;39m com.zaxxer.hikari.HikariDataSource - msg : HikariPool-1 - Shutdown completed.
2023-04-11 06:40:10.951 [32m INFO[0;39m com.navoshgaran.socialnetwork.SocialNetworkApplication - msg : Starting SocialNetworkApplication using Java 17.0.4.1 with PID 8576 (D:\Folder\CODING\Code Sample\social-network\target\classes started by Ali Nakhjavani in D:\Folder\CODING\Code Sample\social-network)
2023-04-11 06:40:10.954 [32m INFO[0;39m com.navoshgaran.socialnetwork.SocialNetworkApplication - msg : No active profile set, falling back to 1 default profile: "default"
2023-04-11 06:40:11.021 [32m INFO[0;39m org.springframework.boot.devtools.env.DevToolsPropertyDefaultsPostProcessor - msg : Devtools property defaults active! Set 'spring.devtools.add-properties' to 'false' to disable
2023-04-11 06:40:11.021 [32m INFO[0;39m org.springframework.boot.devtools.env.DevToolsPropertyDefaultsPostProcessor - msg : For additional web related logging consider setting the 'logging.level.web' property to 'DEBUG'
2023-04-11 06:40:11.860 [32m INFO[0;39m org.springframework.data.repository.config.RepositoryConfigurationDelegate - msg : Bootstrapping Spring Data JPA repositories in DEFAULT mode.
2023-04-11 06:40:11.935 [32m INFO[0;39m org.springframework.data.repository.config.RepositoryConfigurationDelegate - msg : Finished Spring Data repository scanning in 65 ms. Found 1 JPA repository interfaces.
2023-04-11 06:40:12.531 [32m INFO[0;39m org.springframework.boot.web.embedded.tomcat.TomcatWebServer - msg : Tomcat initialized with port(s): 12833 (http)
2023-04-11 06:40:12.542 [32m INFO[0;39m org.apache.catalina.core.StandardService - msg : Starting service [Tomcat]
2023-04-11 06:40:12.543 [32m INFO[0;39m org.apache.catalina.core.StandardEngine - msg : Starting Servlet engine: [Apache Tomcat/10.1.7]
2023-04-11 06:40:12.612 [32m INFO[0;39m org.apache.catalina.core.ContainerBase.[Tomcat].[localhost].[/] - msg : Initializing Spring embedded WebApplicationContext
2023-04-11 06:40:12.613 [32m INFO[0;39m org.springframework.boot.web.servlet.context.ServletWebServerApplicationContext - msg : Root WebApplicationContext: initialization completed in 1591 ms
2023-04-11 06:40:12.732 [32m INFO[0;39m org.hibernate.jpa.internal.util.LogHelper - msg : HHH000204: Processing PersistenceUnitInfo [name: default]
2023-04-11 06:40:12.787 [32m INFO[0;39m org.hibernate.Version - msg : HHH000412: Hibernate ORM core version 6.1.7.Final
2023-04-11 06:40:13.035 [32m INFO[0;39m com.zaxxer.hikari.HikariDataSource - msg : HikariPool-1 - Starting...
2023-04-11 06:40:13.200 [32m INFO[0;39m com.zaxxer.hikari.pool.HikariPool - msg : HikariPool-1 - Added connection org.postgresql.jdbc.PgConnection@1dc1e2c4
2023-04-11 06:40:13.201 [32m INFO[0;39m com.zaxxer.hikari.HikariDataSource - msg : HikariPool-1 - Start completed.
2023-04-11 06:40:13.237 [32m INFO[0;39m SQL dialect - msg : HHH000400: Using dialect: org.hibernate.dialect.PostgreSQLDialect
2023-04-11 06:40:14.195 [32m INFO[0;39m org.hibernate.engine.transaction.jta.platform.internal.JtaPlatformInitiator - msg : HHH000490: Using JtaPlatform implementation: [org.hibernate.engine.transaction.jta.platform.internal.NoJtaPlatform]
2023-04-11 06:40:14.202 [32m INFO[0;39m org.springframework.orm.jpa.LocalContainerEntityManagerFactoryBean - msg : Initialized JPA EntityManagerFactory for persistence unit 'default'
2023-04-11 06:40:14.536 [33m WARN[0;39m org.springframework.boot.autoconfigure.orm.jpa.JpaBaseConfiguration$JpaWebConfiguration - msg : spring.jpa.open-in-view is enabled by default. Therefore, database queries may be performed during view rendering. Explicitly configure spring.jpa.open-in-view to disable this warning
2023-04-11 06:40:14.829 [32m INFO[0;39m org.springframework.boot.devtools.autoconfigure.OptionalLiveReloadServer - msg : LiveReload server is running on port 35729
2023-04-11 06:40:14.863 [32m INFO[0;39m org.springframework.boot.web.embedded.tomcat.TomcatWebServer - msg : Tomcat started on port(s): 12833 (http) with context path ''
2023-04-11 06:40:14.872 [32m INFO[0;39m com.navoshgaran.socialnetwork.SocialNetworkApplication - msg : Started SocialNetworkApplication in 4.46 seconds (process running for 5.391)
2023-04-11 06:40:50.523 [32m INFO[0;39m org.apache.catalina.core.ContainerBase.[Tomcat].[localhost].[/] - msg : Initializing Spring DispatcherServlet 'dispatcherServlet'
2023-04-11 06:40:50.523 [32m INFO[0;39m org.springframework.web.servlet.DispatcherServlet - msg : Initializing Servlet 'dispatcherServlet'
2023-04-11 06:40:50.524 [32m INFO[0;39m org.springframework.web.servlet.DispatcherServlet - msg : Completed initialization in 1 ms
2023-04-11 06:40:52.309 [33m WARN[0;39m org.springframework.web.servlet.mvc.method.annotation.ExceptionHandlerExceptionResolver - msg : Resolved [com.navoshgaran.socialnetwork.exception.DuplicateException: Email Already Exists!]
2023-04-11 06:40:54.560 [33m WARN[0;39m org.springframework.web.servlet.mvc.method.annotation.ExceptionHandlerExceptionResolver - msg : Resolved [com.navoshgaran.socialnetwork.exception.DuplicateException: Email Already Exists!]
2023-04-11 06:40:55.408 [33m WARN[0;39m org.springframework.web.servlet.mvc.method.annotation.ExceptionHandlerExceptionResolver - msg : Resolved [com.navoshgaran.socialnetwork.exception.DuplicateException: Email Already Exists!]
2023-04-11 06:40:56.185 [33m WARN[0;39m org.springframework.web.servlet.mvc.method.annotation.ExceptionHandlerExceptionResolver - msg : Resolved [com.navoshgaran.socialnetwork.exception.DuplicateException: Email Already Exists!]
